<?xml version="1.0" encoding="utf-8"?><testsuites name="pytest tests"><testsuite name="pytest" errors="0" failures="0" skipped="0" tests="23" time="6.659" timestamp="2026-06-14T07:27:28.410415+00:00" hostname="agent-env-88b13aca-fd9f-454f-aac6-e1184cf3c04f"><testcase classname="backend.tests.test_new_endpoints.TestGenericKeys" name="test_invalid_key_type_returns_400" time="0.550" /><testcase classname="backend.tests.test_new_endpoints.TestGenericKeys" name="test_invalid_key_type_post_returns_400" time="0.107" /><testcase classname="backend.tests.test_new_endpoints.TestGenericKeys" name="test_youtube_key_lifecycle" time="0.741" /><testcase classname="backend.tests.test_new_endpoints.TestGenericKeys" name="test_resend_key_lifecycle" time="0.500" /><testcase classname="backend.tests.test_new_endpoints.TestGenericKeys" name="test_keys_require_auth" time="0.094" /><testcase classname="backend.tests.test_new_endpoints.TestDigest" name="test_get_digest_default" time="0.125" /><testcase classname="backend.tests.test_new_endpoints.TestDigest" name="test_set_digest_enabled_without_email_400" time="0.090" /><testcase classname="backend.tests.test_new_endpoints.TestDigest" name="test_set_digest_and_retrieve" time="0.321" /><testcase classname="backend.tests.test_new_endpoints.TestDigest" name="test_send_now_without_resend_key_returns_400" time="0.361" /><testcase classname="backend.tests.test_new_endpoints.TestYouTubeSync" name="test_sync_no_youtube_url_returns_400" time="0.269" /><testcase classname="backend.tests.test_new_endpoints.TestYouTubeSync" name="test_sync_no_key_returns_400" time="0.333" /><testcase classname="backend.tests.test_new_endpoints.TestYouTubeSync" name="test_sync_video_not_found_404" time="0.207" /><testcase classname="backend.tests.test_new_endpoints.TestUrlParser" name="test_url_formats_parsed[https://youtu.be/dQw4w9WgXcQ]" time="0.380" /><testcase classname="backend.tests.test_new_endpoints.TestUrlParser" name="test_url_formats_parsed[https://www.youtube.com/watch?v=dQw4w9WgXcQ]" time="0.305" /><testcase classname="backend.tests.test_new_endpoints.TestUrlParser" name="test_url_formats_parsed[https://www.youtube.com/shorts/dQw4w9WgXcQ]" time="0.290" /><testcase classname="backend.tests.test_new_endpoints.TestUrlParser" name="test_invalid_url_format_fails_validation" time="0.325" /><testcase classname="backend.tests.test_new_endpoints.TestThumbnailGen" name="test_thumbnail_gen_video_not_found" time="0.134" /><testcase classname="backend.tests.test_new_endpoints.TestExistingEndpoints" name="test_ideas_list" time="0.098" /><testcase classname="backend.tests.test_new_endpoints.TestExistingEndpoints" name="test_videos_list" time="0.106" /><testcase classname="backend.tests.test_new_endpoints.TestExistingEndpoints" name="test_analytics_list" time="0.925" /><testcase classname="backend.tests.test_new_endpoints.TestExistingEndpoints" name="test_affiliates_list" time="0.101" /><testcase classname="backend.tests.test_new_endpoints.TestExistingEndpoints" name="test_dashboard_summary" time="0.094" /><testcase classname="backend.tests.test_new_endpoints.TestExistingEndpoints" name="test_anthropic_key_get" time="0.098" /></testsuite></testsuites>