<?xml version="1.0" encoding="utf-8"?><testsuites name="pytest tests"><testsuite name="pytest" errors="0" failures="0" skipped="0" tests="13" time="4.740" timestamp="2026-06-14T06:59:34.132826+00:00" hostname="agent-env-88b13aca-fd9f-454f-aac6-e1184cf3c04f"><testcase classname="backend.tests.backend_test.TestAuth" name="test_login_success" time="0.371" /><testcase classname="backend.tests.backend_test.TestAuth" name="test_login_invalid" time="0.356" /><testcase classname="backend.tests.backend_test.TestAuth" name="test_me_requires_token" time="0.121" /><testcase classname="backend.tests.backend_test.TestAuth" name="test_me_with_token" time="0.417" /><testcase classname="backend.tests.backend_test.TestIdeas" name="test_list_ideas_seeded" time="0.111" /><testcase classname="backend.tests.backend_test.TestIdeas" name="test_create_update_delete" time="0.319" /><testcase classname="backend.tests.backend_test.TestIdeas" name="test_promote_idea" time="0.422" /><testcase classname="backend.tests.backend_test.TestVideos" name="test_video_crud_and_stage" time="1.020" /><testcase classname="backend.tests.backend_test.TestAnalytics" name="test_create_list" time="0.284" /><testcase classname="backend.tests.backend_test.TestAffiliates" name="test_create_list" time="0.305" /><testcase classname="backend.tests.backend_test.TestDashboard" name="test_summary" time="0.215" /><testcase classname="backend.tests.backend_test.TestSettings" name="test_key_lifecycle" time="0.472" /><testcase classname="backend.tests.backend_test.TestChat" name="test_no_key_returns_400" time="0.199" /></testsuite></testsuites>